
Inserted WP Form 1157
Inserted WP Form 1159
Inserted WP Form 1161
Imported - Site Options {"woocommerce_product_attributes":[],"woocommerce_product_cat_list":{"28":{"term_id":28,"name":"Uncategorized","slug":"uncategorized","description":""},"30":{"term_id":30,"name":"Coaching","slug":"coaching","description":""}},"woocommerce_product_cat":[{"slug":"uncategorized","thumbnail_id":"","thumbnail_src":""},{"slug":"coaching","thumbnail_id":"","thumbnail_src":""}],"custom_logo":"https:\/\/websitedemos.net\/life-coach-sara-john-08\/wp-content\/uploads\/sites\/696\/2019\/05\/life-coach-flower-logo.png","nav_menu_locations":{"primary":"primary-menu"},"show_on_front":"page","page_on_front":"Home","page_for_posts":"","_fl_builder_enabled_icons":null,"_fl_builder_enabled_modules":null,"_fl_builder_post_types":null,"_fl_builder_color_presets":null,"_fl_builder_services":null,"_fl_builder_settings":null,"_fl_builder_user_access":null,"_fl_builder_enabled_templates":null,"elementor_container_width":null,"elementor_cpt_support":null,"elementor_css_print_method":null,"elementor_default_generic_fonts":null,"elementor_disable_color_schemes":null,"elementor_disable_typography_schemes":null,"elementor_editor_break_lines":null,"elementor_exclude_user_roles":null,"elementor_global_image_lightbox":null,"elementor_page_title_selector":null,"elementor_scheme_color":null,"elementor_scheme_color-picker]":null,"elementor_scheme_typography":null,"elementor_space_between_widgets":null,"elementor_stretched_section_container":null,"elementor_load_fa4_shim":null,"elementor_active_kit":null,"woocommerce_shop_page_title":"Shop","woocommerce_cart_page_title":"Cart","woocommerce_checkout_page_title":"Checkout","woocommerce_myaccount_page_title":"My account","woocommerce_edit_address_page_title":"","woocommerce_view_order_page_title":"","woocommerce_change_password_page_title":"","woocommerce_logout_page_title":"","woocommerce_enable_guest_checkout":"yes","woocommerce_enable_checkout_login_reminder":"no","woocommerce_enable_signup_and_login_from_checkout":"no","woocommerce_enable_myaccount_registration":"no","woocommerce_registration_generate_username":"no","wpforms_settings":{"disable-css":"2","global-assets":false,"gdpr":false},"learndash_settings_theme_ld30":null,"learndash_settings_courses_themes":null,"astra-color-palettes":{"currentPalette":"palette_1","palettes":{"palette_1":["#007527","#d8673d","#000000","#3a3a3a","#f5f8f6","#ffffff","#000000","#333333","#BFD1FF"],"palette_2":["#0274be","#3a3a3a","#3a3a3a","#4B4F58","#ffffff","#f9f9f9","#000000","#424242","#000000"],"palette_3":["#0274be","#3a3a3a","#3a3a3a","#4B4F58","#ffffff","#f9f9f9","#000000","#424242","#000000"]},"flag":true},"astra-typography-presets":""}
Source - https://websitedemos.net/life-coach-sara-john-08/wp-content/uploads/sites/696/2019/05/life-coach-flower-logo.png
BATCH - SKIP Image {already imported from xml} - https://websitedemos.net/life-coach-sara-john-08/wp-content/uploads/sites/696/2019/05/life-coach-flower-logo.png
Log - {"url":"https:\/\/websitedemos.net\/life-coach-sara-john-08\/wp-content\/uploads\/sites\/696\/2019\/05\/life-coach-flower-logo.png","id":0}
Inserted - Post 1163 - attachment - life-coach-flower-logo.png
BATCH - SUCCESS Image {Imported} - http://localhost/testsite/wordpress/wp-content/uploads/2022/07/life-coach-flower-logo.png
Inserted - Post 1163 - attachment - life-coach-flower-logo.png
Batch Process Started..
Starter Templates - Importing Images for Blog name 'Anonīmie Narkomāni' (1)
---- Processing Images from Widgets -----
---- Processing Contact Form Mapping from Text Widgets -----
---- Processing Contact Form Mapping from WP Forms Widgets -----
---- Processing WordPress Posts / Pages - for "Gutenberg" ----
---- Processing WordPress Posts / Pages - for Elementor ----
---- Processing MISC ----
Post ID: 1081
Post ID: 1082
Post ID: 1078
Post ID: 1079
Post ID: 1080
---- Processing Images Metadata ----
---- Processing Images Metadata Completed ----
---- Processing batch process for Customizer start ----
---- Processing batch process for Customizer done ----
Batch Process Complete!